Determining if the pthread_create exist failed with the following output:
Change Dir: /home/INTRANET/shmichel/myfiles/3emesemestre/Projet/CMakeFiles/CMakeTmp

Run Build Command:"/usr/bin/make" "cmTryCompileExec802822715/fast"
/usr/bin/make -f CMakeFiles/cmTryCompileExec802822715.dir/build.make CMakeFiles/cmTryCompileExec802822715.dir/build
make[1]: Entering directory `/home/INTRANET/shmichel/myfiles/3emesemestre/Projet/CMakeFiles/CMakeTmp'
/usr/local/bin/cmake -E cmake_progress_report /home/INTRANET/shmichel/myfiles/3emesemestre/Projet/CMakeFiles/CMakeTmp/CMakeFiles 1
Building C object CMakeFiles/cmTryCompileExec802822715.dir/CheckSymbolExists.c.o
/usr/bin/cc    -o CMakeFiles/cmTryCompileExec802822715.dir/CheckSymbolExists.c.o   -c /home/INTRANET/shmichel/myfiles/3emesemestre/Projet/CMakeFiles/CMakeTmp/CheckSymbolExists.c
Linking C executable cmTryCompileExec802822715
/usr/local/bin/cmake -E cmake_link_script CMakeFiles/cmTryCompileExec802822715.dir/link.txt --verbose=1
/usr/bin/cc       CMakeFiles/cmTryCompileExec802822715.dir/CheckSymbolExists.c.o  -o cmTryCompileExec802822715 -rdynamic 
CMakeFiles/cmTryCompileExec802822715.dir/CheckSymbolExists.c.o: In function `main':
CheckSymbolExists.c:(.text+0x16): undefined reference to `pthread_create'
collect2: error: ld returned 1 exit status
make[1]: *** [cmTryCompileExec802822715] Error 1
make[1]: Leaving directory `/home/INTRANET/shmichel/myfiles/3emesemestre/Projet/CMakeFiles/CMakeTmp'
make: *** [cmTryCompileExec802822715/fast] Error 2

File /home/INTRANET/shmichel/myfiles/3emesemestre/Projet/CMakeFiles/CMakeTmp/CheckSymbolExists.c:
/* */
#include <pthread.h>

int main(int argc, char** argv)
{
  (void)argv;
#ifndef pthread_create
  return ((int*)(&pthread_create))[argc];
#else
  (void)argc;
  return 0;
#endif
}

